<!DOCTYPE html PUBLIC "-//W3C//DTD XHTML 1.1//EN" "https://www.w3.org/TR/xhtml11/DTD/xhtml11.dtd">
<html xmlns="https://www.w3.org/1999/xhtml">
<head>
<meta charset='utf-8'>
<title>TestNG Report</title>
<style type="text/css">
table {margin-bottom:10px;border-collapse:collapse;empty-cells:show}
td,th {border:1px solid #009;padding:.25em .5em}
.result th {vertical-align:bottom}
.param th {padding-left:1em;padding-right:1em}
.param td {padding-left:.5em;padding-right:2em}
.stripe td,.stripe th {background-color: #E6EBF9}
.numi,.numi_attn {text-align:right}
.total td {font-weight:bold}
.passedodd td {background-color: #0A0}
.passedeven td {background-color: #3F3}
.skippedodd td {background-color: #CCC}
.skippedodd td {background-color: #DDD}
.failedodd td,.numi_attn {background-color: #F33}
.failedeven td,.stripe .numi_attn {background-color: #D00}
.stacktrace {white-space:pre;font-family:monospace}
.totop {font-size:85%;text-align:center;border-bottom:2px solid #000}
</style>
</head>
<body>
<table cellspacing="0" cellpadding="0" class="testOverview">
<tr><th>Test</th><th>Methods<br/>Passed</th><th>Scenarios<br/>Passed</th><th># skipped</th><th># failed</th><th>Total<br/>Time</th><th>Included<br/>Groups</th><th>Excluded<br/>Groups</th></tr>
<tr><td style="text-align:left;padding-right:2em"><a href="#t1">Test Case 1</a></td><td class="numi">2</td><td class="numi">2</td><td class="numi">0</td><td class="numi_attn">1</td><td class="numi">38.5 seconds</td><td class="numi"></td><td class="numi"></td></tr>
<tr class="stripe"><td style="text-align:left;padding-right:2em"><a href="#t2">Test Case 2</a></td><td class="numi">2</td><td class="numi">2</td><td class="numi">0</td><td class="numi_attn">1</td><td class="numi">32.5 seconds</td><td class="numi"></td><td class="numi"></td></tr>
<tr class="total"><td>Total</td>
<td class="numi">4</td><td class="numi">4</td><td class="numi">0</td><td class="numi_attn">2</td><td class="numi">71.0 seconds</td><td colspan="2">&nbsp;</td></tr>
</table>
<table cellspacing="0" cellpadding="0" class="methodOverview" id="summary">
<tr><th>Class</th><th>Method</th><th># of<br/>Scenarios</th><th>Start</th><th>Time<br/>(ms)</th></tr>
<tr id="t1"><th colspan="5">Test Case 1 &#8212; failed</th></tr>
<tr class="failedodd"><td>RunTest.KiemThuAppAlo</td><td><a href="#m1"><b>TestTaoYeuCau</b>  </a></td><td class="numi">1</td><td>1715239701071</td><td class="numi">21439</td></tr>
<tr><th colspan="5">Test Case 1 &#8212; passed</th></tr>
<tr class="passedodd"><td rowspan="2">RunTest.KiemThuAppAlo</td><td><a href="#m2"><b>KiemTraDangNhap</b>  </a></td><td class="numi">1</td><td>1715239695490</td><td class="numi">5572</td></tr><tr class="passedodd"><td><a href="#m3"><b>SampleTest</b>  </a></td><td class="numi">1</td><td>1715239701066</td><td class="numi">1</td></tr>
<tr id="t2"><th colspan="5">Test Case 2 &#8212; failed</th></tr>
<tr class="failedodd"><td>RunTest.KiemThuAppQTSC</td><td><a href="#m4"><b>ThucHienTicKet</b>  </a></td><td class="numi">1</td><td>1715239739761</td><td class="numi">15280</td></tr>
<tr><th colspan="5">Test Case 2 &#8212; passed</th></tr>
<tr class="passedodd"><td rowspan="2">RunTest.KiemThuAppQTSC</td><td><a href="#m5"><b>SampleTest</b>  </a></td><td class="numi">1</td><td>1715239739759</td><td class="numi">1</td></tr><tr class="passedodd"><td><a href="#m6"><b>KiemThuDangNhap</b>  </a></td><td class="numi">1</td><td>1715239735852</td><td class="numi">3906</td></tr>
</table>
<h1>Test Case 1</h1>
<h2 id="m1">RunTest.KiemThuAppAlo:TestTaoYeuCau</h2>
<div>
<div class="stacktrace">org.openqa.selenium.NoSuchElementException: An element could not be located on the page using the given search parameters.
For documentation on this error, please visit: https://www.seleniumhq.org/exceptions/no_such_element.html
Build info: version: &apos;3.141.59&apos;, revision: &apos;e82be7d358&apos;, time: &apos;2018-11-14T08:17:03&apos;
System info: host: &apos;DESKTOP-O33CV7Q&apos;, ip: &apos;169.254.94.53&apos;, os.name: &apos;Windows 11&apos;, os.arch: &apos;amd64&apos;, os.version: &apos;10.0&apos;, java.version: &apos;17.0.9&apos;
Driver info: io.appium.java_client.AppiumDriver
Capabilities {appActivity: com.lcssoft.aloqtsc.MainAct..., appPackage: com.lcssoft.aloqtsc, databaseEnabled: false, desired: {appActivity: com.lcssoft.aloqtsc.MainAct..., appPackage: com.lcssoft.aloqtsc, deviceName: Pixel XL, platformName: android, platformVersion: 13, udid: 192.168.52.103:5555}, deviceApiLevel: 33, deviceManufacturer: Genymobile, deviceModel: Pixel XL, deviceName: 192.168.52.103:5555, deviceScreenDensity: 411, deviceScreenSize: 1080x2400, deviceUDID: 192.168.52.103:5555, javascriptEnabled: true, locationContextEnabled: false, networkConnectionEnabled: true, pixelRatio: 2.5687501, platform: LINUX, platformName: Android, platformVersion: 13, statBarHeight: 62, takesScreenshot: true, udid: 192.168.52.103:5555, viewportRect: {height: 2215, left: 0, top: 62, width: 1080}, warnings: {}, webStorageEnabled: false}
Session ID: c9471c7a-2b8d-47d3-bd13-ee3738b3bfff
*** Element info: {Using=xpath, value=(//android.view.View[@resource-id=&quot;input_label_text&quot;])[5]}
	at org.openqa.selenium.remote.http.W3CHttpResponseCodec.createException(W3CHttpResponseCodec.java:187)
	at org.openqa.selenium.remote.http.W3CHttpResponseCodec.decode(W3CHttpResponseCodec.java:122)
	at org.openqa.selenium.remote.http.W3CHttpResponseCodec.decode(W3CHttpResponseCodec.java:49)
	at org.openqa.selenium.remote.HttpCommandExecutor.execute(HttpCommandExecutor.java:158)
	at io.appium.java_client.remote.AppiumCommandExecutor.execute(AppiumCommandExecutor.java:247)
	at org.openqa.selenium.remote.RemoteWebDriver.execute(RemoteWebDriver.java:552)
	at io.appium.java_client.DefaultGenericMobileDriver.execute(DefaultGenericMobileDriver.java:41)
	at io.appium.java_client.AppiumDriver.execute(AppiumDriver.java:1)
	at org.openqa.selenium.remote.RemoteWebDriver.findElement(RemoteWebDriver.java:323)
	at io.appium.java_client.DefaultGenericMobileDriver.findElement(DefaultGenericMobileDriver.java:61)
	at io.appium.java_client.AppiumDriver.findElement(AppiumDriver.java:1)
	at org.openqa.selenium.remote.RemoteWebDriver.findElementByXPath(RemoteWebDriver.java:428)
	at io.appium.java_client.DefaultGenericMobileDriver.findElementByXPath(DefaultGenericMobileDriver.java:151)
	at io.appium.java_client.AppiumDriver.findElementByXPath(AppiumDriver.java:1)
	at org.openqa.selenium.By$ByXPath.findElement(By.java:353)
	at org.openqa.selenium.remote.RemoteWebDriver.findElement(RemoteWebDriver.java:315)
	at io.appium.java_client.DefaultGenericMobileDriver.findElement(DefaultGenericMobileDriver.java:57)
	at io.appium.java_client.AppiumDriver.findElement(AppiumDriver.java:1)
	at AppAlo.TaoYeuCau.TaoYeuCau(TaoYeuCau.java:17)
	at RunTest.KiemThuAppAlo.TestTaoYeuCau(KiemThuAppAlo.java:29)
	at java.base/java.util.ArrayList.forEach(ArrayList.java:1511)
	at com.intellij.rt.testng.IDEARemoteTestNG.run(IDEARemoteTestNG.java:65)
	at com.intellij.rt.testng.RemoteTestNGStarter.main(RemoteTestNGStarter.java:105)
... Removed 29 stack frames</div>
</div>
<p class="totop"><a href="#summary">back to summary</a></p>
<h2 id="m2">RunTest.KiemThuAppAlo:KiemTraDangNhap</h2>
<p class="totop"><a href="#summary">back to summary</a></p>
<h2 id="m3">RunTest.KiemThuAppAlo:SampleTest</h2>
<p class="totop"><a href="#summary">back to summary</a></p>
<h1>Test Case 2</h1>
<h2 id="m4">RunTest.KiemThuAppQTSC:ThucHienTicKet</h2>
<div>
<div class="stacktrace">org.openqa.selenium.NoSuchElementException: An element could not be located on the page using the given search parameters.
For documentation on this error, please visit: https://www.seleniumhq.org/exceptions/no_such_element.html
Build info: version: &apos;3.141.59&apos;, revision: &apos;e82be7d358&apos;, time: &apos;2018-11-14T08:17:03&apos;
System info: host: &apos;DESKTOP-O33CV7Q&apos;, ip: &apos;169.254.94.53&apos;, os.name: &apos;Windows 11&apos;, os.arch: &apos;amd64&apos;, os.version: &apos;10.0&apos;, java.version: &apos;17.0.9&apos;
Driver info: io.appium.java_client.AppiumDriver
Capabilities {appActivity: com.lcssoft.qtsctms.MainAct..., appPackage: com.lcssoft.qtsctms, databaseEnabled: false, desired: {appActivity: com.lcssoft.qtsctms.MainAct..., appPackage: com.lcssoft.qtsctms, deviceName: Pixel XL, platformName: android, platformVersion: 13, udid: 192.168.52.103:5555}, deviceApiLevel: 33, deviceManufacturer: Genymobile, deviceModel: Pixel XL, deviceName: 192.168.52.103:5555, deviceScreenDensity: 411, deviceScreenSize: 1080x2400, deviceUDID: 192.168.52.103:5555, javascriptEnabled: true, locationContextEnabled: false, networkConnectionEnabled: true, pixelRatio: 2.5687501, platform: LINUX, platformName: Android, platformVersion: 13, statBarHeight: 62, takesScreenshot: true, udid: 192.168.52.103:5555, viewportRect: {height: 2215, left: 0, top: 62, width: 1080}, warnings: {}, webStorageEnabled: false}
Session ID: 50cfe0d2-4c88-4abf-91fb-9e2bd29b5e8b
*** Element info: {Using=xpath, value=//android.widget.Button[@content-desc=&quot;Receive&quot;]}
	at org.openqa.selenium.remote.http.W3CHttpResponseCodec.createException(W3CHttpResponseCodec.java:187)
	at org.openqa.selenium.remote.http.W3CHttpResponseCodec.decode(W3CHttpResponseCodec.java:122)
	at org.openqa.selenium.remote.http.W3CHttpResponseCodec.decode(W3CHttpResponseCodec.java:49)
	at org.openqa.selenium.remote.HttpCommandExecutor.execute(HttpCommandExecutor.java:158)
	at io.appium.java_client.remote.AppiumCommandExecutor.execute(AppiumCommandExecutor.java:247)
	at org.openqa.selenium.remote.RemoteWebDriver.execute(RemoteWebDriver.java:552)
	at io.appium.java_client.DefaultGenericMobileDriver.execute(DefaultGenericMobileDriver.java:41)
	at io.appium.java_client.AppiumDriver.execute(AppiumDriver.java:1)
	at org.openqa.selenium.remote.RemoteWebDriver.findElement(RemoteWebDriver.java:323)
	at io.appium.java_client.DefaultGenericMobileDriver.findElement(DefaultGenericMobileDriver.java:61)
	at io.appium.java_client.AppiumDriver.findElement(AppiumDriver.java:1)
	at org.openqa.selenium.remote.RemoteWebDriver.findElementByXPath(RemoteWebDriver.java:428)
	at io.appium.java_client.DefaultGenericMobileDriver.findElementByXPath(DefaultGenericMobileDriver.java:151)
	at io.appium.java_client.AppiumDriver.findElementByXPath(AppiumDriver.java:1)
	at org.openqa.selenium.By$ByXPath.findElement(By.java:353)
	at org.openqa.selenium.remote.RemoteWebDriver.findElement(RemoteWebDriver.java:315)
	at io.appium.java_client.DefaultGenericMobileDriver.findElement(DefaultGenericMobileDriver.java:57)
	at io.appium.java_client.AppiumDriver.findElement(AppiumDriver.java:1)
	at NhanVienDien.ThucHienTicket.ThucHienTicketChupAnh(ThucHienTicket.java:69)
	at RunTest.KiemThuAppQTSC.ThucHienTicKet(KiemThuAppQTSC.java:46)
	at java.base/java.util.ArrayList.forEach(ArrayList.java:1511)
	at com.intellij.rt.testng.IDEARemoteTestNG.run(IDEARemoteTestNG.java:65)
	at com.intellij.rt.testng.RemoteTestNGStarter.main(RemoteTestNGStarter.java:105)
... Removed 29 stack frames</div>
</div>
<p class="totop"><a href="#summary">back to summary</a></p>
<h2 id="m5">RunTest.KiemThuAppQTSC:SampleTest</h2>
<p class="totop"><a href="#summary">back to summary</a></p>
<h2 id="m6">RunTest.KiemThuAppQTSC:KiemThuDangNhap</h2>
<p class="totop"><a href="#summary">back to summary</a></p>
</body></html>
