<?xml version="1.0" encoding="UTF-8"?>
<testng-results ignored="0" total="6" passed="4" failed="2" skipped="0">
  <reporter-output>
  </reporter-output>
  <suite started-at="2024-05-09T14:28:04 ICT" name="MyTestSuite" finished-at="2024-05-09T14:29:15 ICT" duration-ms="71035">
    <groups>
    </groups>
    <test started-at="2024-05-09T14:28:04 ICT" name="Test Case 1" finished-at="2024-05-09T14:28:42 ICT" duration-ms="38511">
      <class name="RunTest.KiemThuAppAlo">
        <test-method is-config="true" signature="SetUp()[pri:0, instance:RunTest.KiemThuAppAlo@7c6908d7]" started-at="2024-05-09T14:28:04 ICT" name="SetUp" finished-at="2024-05-09T14:28:15 ICT" duration-ms="11432" status="PASS">
          <reporter-output>
          </reporter-output>
        </test-method> <!-- SetUp -->
        <test-method signature="KiemTraDangNhap()[pri:0, instance:RunTest.KiemThuAppAlo@7c6908d7]" started-at="2024-05-09T14:28:15 ICT" name="KiemTraDangNhap" finished-at="2024-05-09T14:28:21 ICT" duration-ms="5572" status="PASS">
          <reporter-output>
          </reporter-output>
        </test-method> <!-- KiemTraDangNhap -->
        <test-method signature="SampleTest()[pri:0, instance:RunTest.KiemThuAppAlo@7c6908d7]" started-at="2024-05-09T14:28:21 ICT" name="SampleTest" finished-at="2024-05-09T14:28:21 ICT" duration-ms="1" status="PASS">
          <reporter-output>
          </reporter-output>
        </test-method> <!-- SampleTest -->
        <test-method signature="TestTaoYeuCau()[pri:0, instance:RunTest.KiemThuAppAlo@7c6908d7]" started-at="2024-05-09T14:28:21 ICT" name="TestTaoYeuCau" finished-at="2024-05-09T14:28:42 ICT" depends-on-methods="RunTest.KiemThuAppAlo.KiemTraDangNhap" duration-ms="21439" status="FAIL">
          <exception class="org.openqa.selenium.NoSuchElementException">
            <message>
              <![CDATA[An element could not be located on the page using the given search parameters.
For documentation on this error, please visit: https://www.seleniumhq.org/exceptions/no_such_element.html
Build info: version: '3.141.59', revision: 'e82be7d358', time: '2018-11-14T08:17:03'
System info: host: 'DESKTOP-O33CV7Q', ip: '169.254.94.53', os.name: 'Windows 11', os.arch: 'amd64', os.version: '10.0', java.version: '17.0.9'
Driver info: io.appium.java_client.AppiumDriver
Capabilities {appActivity: com.lcssoft.aloqtsc.MainAct..., appPackage: com.lcssoft.aloqtsc, databaseEnabled: false, desired: {appActivity: com.lcssoft.aloqtsc.MainAct..., appPackage: com.lcssoft.aloqtsc, deviceName: Pixel XL, platformName: android, platformVersion: 13, udid: 192.168.52.103:5555}, deviceApiLevel: 33, deviceManufacturer: Genymobile, deviceModel: Pixel XL, deviceName: 192.168.52.103:5555, deviceScreenDensity: 411, deviceScreenSize: 1080x2400, deviceUDID: 192.168.52.103:5555, javascriptEnabled: true, locationContextEnabled: false, networkConnectionEnabled: true, pixelRatio: 2.5687501, platform: LINUX, platformName: Android, platformVersion: 13, statBarHeight: 62, takesScreenshot: true, udid: 192.168.52.103:5555, viewportRect: {height: 2215, left: 0, top: 62, width: 1080}, warnings: {}, webStorageEnabled: false}
Session ID: c9471c7a-2b8d-47d3-bd13-ee3738b3bfff
*** Element info: {Using=xpath, value=(//android.view.View[@resource-id="input_label_text"])[5]}]]>
            </message>
            <full-stacktrace>
              <![CDATA[org.openqa.selenium.NoSuchElementException: An element could not be located on the page using the given search parameters.
For documentation on this error, please visit: https://www.seleniumhq.org/exceptions/no_such_element.html
Build info: version: '3.141.59', revision: 'e82be7d358', time: '2018-11-14T08:17:03'
System info: host: 'DESKTOP-O33CV7Q', ip: '169.254.94.53', os.name: 'Windows 11', os.arch: 'amd64', os.version: '10.0', java.version: '17.0.9'
Driver info: io.appium.java_client.AppiumDriver
Capabilities {appActivity: com.lcssoft.aloqtsc.MainAct..., appPackage: com.lcssoft.aloqtsc, databaseEnabled: false, desired: {appActivity: com.lcssoft.aloqtsc.MainAct..., appPackage: com.lcssoft.aloqtsc, deviceName: Pixel XL, platformName: android, platformVersion: 13, udid: 192.168.52.103:5555}, deviceApiLevel: 33, deviceManufacturer: Genymobile, deviceModel: Pixel XL, deviceName: 192.168.52.103:5555, deviceScreenDensity: 411, deviceScreenSize: 1080x2400, deviceUDID: 192.168.52.103:5555, javascriptEnabled: true, locationContextEnabled: false, networkConnectionEnabled: true, pixelRatio: 2.5687501, platform: LINUX, platformName: Android, platformVersion: 13, statBarHeight: 62, takesScreenshot: true, udid: 192.168.52.103:5555, viewportRect: {height: 2215, left: 0, top: 62, width: 1080}, warnings: {}, webStorageEnabled: false}
Session ID: c9471c7a-2b8d-47d3-bd13-ee3738b3bfff
*** Element info: {Using=xpath, value=(//android.view.View[@resource-id="input_label_text"])[5]}
at java.base/jdk.internal.reflect.NativeConstructorAccessorImpl.newInstance0(Native Method)
at java.base/jdk.internal.reflect.NativeConstructorAccessorImpl.newInstance(NativeConstructorAccessorImpl.java:77)
at java.base/jdk.internal.reflect.DelegatingConstructorAccessorImpl.newInstance(DelegatingConstructorAccessorImpl.java:45)
at java.base/java.lang.reflect.Constructor.newInstanceWithCaller(Constructor.java:499)
at java.base/java.lang.reflect.Constructor.newInstance(Constructor.java:480)
at org.openqa.selenium.remote.http.W3CHttpResponseCodec.createException(W3CHttpResponseCodec.java:187)
at org.openqa.selenium.remote.http.W3CHttpResponseCodec.decode(W3CHttpResponseCodec.java:122)
at org.openqa.selenium.remote.http.W3CHttpResponseCodec.decode(W3CHttpResponseCodec.java:49)
at org.openqa.selenium.remote.HttpCommandExecutor.execute(HttpCommandExecutor.java:158)
at io.appium.java_client.remote.AppiumCommandExecutor.execute(AppiumCommandExecutor.java:247)
at org.openqa.selenium.remote.RemoteWebDriver.execute(RemoteWebDriver.java:552)
at io.appium.java_client.DefaultGenericMobileDriver.execute(DefaultGenericMobileDriver.java:41)
at io.appium.java_client.AppiumDriver.execute(AppiumDriver.java:1)
at org.openqa.selenium.remote.RemoteWebDriver.findElement(RemoteWebDriver.java:323)
at io.appium.java_client.DefaultGenericMobileDriver.findElement(DefaultGenericMobileDriver.java:61)
at io.appium.java_client.AppiumDriver.findElement(AppiumDriver.java:1)
at org.openqa.selenium.remote.RemoteWebDriver.findElementByXPath(RemoteWebDriver.java:428)
at io.appium.java_client.DefaultGenericMobileDriver.findElementByXPath(DefaultGenericMobileDriver.java:151)
at io.appium.java_client.AppiumDriver.findElementByXPath(AppiumDriver.java:1)
at org.openqa.selenium.By$ByXPath.findElement(By.java:353)
at org.openqa.selenium.remote.RemoteWebDriver.findElement(RemoteWebDriver.java:315)
at io.appium.java_client.DefaultGenericMobileDriver.findElement(DefaultGenericMobileDriver.java:57)
at io.appium.java_client.AppiumDriver.findElement(AppiumDriver.java:1)
at AppAlo.TaoYeuCau.TaoYeuCau(TaoYeuCau.java:17)
at RunTest.KiemThuAppAlo.TestTaoYeuCau(KiemThuAppAlo.java:29)
at java.base/jdk.internal.reflect.NativeMethodAccessorImpl.invoke0(Native Method)
at java.base/jdk.internal.reflect.NativeMethodAccessorImpl.invoke(NativeMethodAccessorImpl.java:77)
at java.base/jdk.internal.reflect.DelegatingMethodAccessorImpl.invoke(DelegatingMethodAccessorImpl.java:43)
at java.base/java.lang.reflect.Method.invoke(Method.java:568)
at org.testng.internal.MethodInvocationHelper.invokeMethod(MethodInvocationHelper.java:133)
at org.testng.internal.TestInvoker.invokeMethod(TestInvoker.java:598)
at org.testng.internal.TestInvoker.invokeTestMethod(TestInvoker.java:173)
at org.testng.internal.MethodRunner.runInSequence(MethodRunner.java:46)
at org.testng.internal.TestInvoker$MethodInvocationAgent.invoke(TestInvoker.java:824)
at org.testng.internal.TestInvoker.invokeTestMethods(TestInvoker.java:146)
at org.testng.internal.TestMethodWorker.invokeTestMethods(TestMethodWorker.java:146)
at org.testng.internal.TestMethodWorker.run(TestMethodWorker.java:128)
at java.base/java.util.ArrayList.forEach(ArrayList.java:1511)
at org.testng.TestRunner.privateRun(TestRunner.java:794)
at org.testng.TestRunner.run(TestRunner.java:596)
at org.testng.SuiteRunner.runTest(SuiteRunner.java:377)
at org.testng.SuiteRunner.runSequentially(SuiteRunner.java:371)
at org.testng.SuiteRunner.privateRun(SuiteRunner.java:332)
at org.testng.SuiteRunner.run(SuiteRunner.java:276)
at org.testng.SuiteRunnerWorker.runSuite(SuiteRunnerWorker.java:53)
at org.testng.SuiteRunnerWorker.run(SuiteRunnerWorker.java:96)
at org.testng.TestNG.runSuitesSequentially(TestNG.java:1212)
at org.testng.TestNG.runSuitesLocally(TestNG.java:1134)
at org.testng.TestNG.runSuites(TestNG.java:1063)
at org.testng.TestNG.run(TestNG.java:1031)
at com.intellij.rt.testng.IDEARemoteTestNG.run(IDEARemoteTestNG.java:65)
at com.intellij.rt.testng.RemoteTestNGStarter.main(RemoteTestNGStarter.java:105)
]]>
            </full-stacktrace>
          </exception> <!-- org.openqa.selenium.NoSuchElementException -->
          <reporter-output>
          </reporter-output>
        </test-method> <!-- TestTaoYeuCau -->
      </class> <!-- RunTest.KiemThuAppAlo -->
    </test> <!-- Test Case 1 -->
    <test started-at="2024-05-09T14:28:42 ICT" name="Test Case 2" finished-at="2024-05-09T14:29:15 ICT" duration-ms="32512">
      <class name="RunTest.KiemThuAppQTSC">
        <test-method is-config="true" signature="SetUp()[pri:0, instance:RunTest.KiemThuAppQTSC@ae13544]" started-at="2024-05-09T14:28:42 ICT" name="SetUp" finished-at="2024-05-09T14:28:55 ICT" duration-ms="13320" status="PASS">
          <reporter-output>
          </reporter-output>
        </test-method> <!-- SetUp -->
        <test-method signature="KiemThuDangNhap()[pri:0, instance:RunTest.KiemThuAppQTSC@ae13544]" started-at="2024-05-09T14:28:55 ICT" name="KiemThuDangNhap" finished-at="2024-05-09T14:28:59 ICT" duration-ms="3906" status="PASS">
          <reporter-output>
          </reporter-output>
        </test-method> <!-- KiemThuDangNhap -->
        <test-method signature="SampleTest()[pri:0, instance:RunTest.KiemThuAppQTSC@ae13544]" started-at="2024-05-09T14:28:59 ICT" name="SampleTest" finished-at="2024-05-09T14:28:59 ICT" duration-ms="1" status="PASS">
          <reporter-output>
          </reporter-output>
        </test-method> <!-- SampleTest -->
        <test-method signature="ThucHienTicKet()[pri:0, instance:RunTest.KiemThuAppQTSC@ae13544]" started-at="2024-05-09T14:28:59 ICT" name="ThucHienTicKet" finished-at="2024-05-09T14:29:15 ICT" depends-on-methods="RunTest.KiemThuAppQTSC.KiemThuDangNhap" duration-ms="15280" status="FAIL">
          <exception class="org.openqa.selenium.NoSuchElementException">
            <message>
              <![CDATA[An element could not be located on the page using the given search parameters.
For documentation on this error, please visit: https://www.seleniumhq.org/exceptions/no_such_element.html
Build info: version: '3.141.59', revision: 'e82be7d358', time: '2018-11-14T08:17:03'
System info: host: 'DESKTOP-O33CV7Q', ip: '169.254.94.53', os.name: 'Windows 11', os.arch: 'amd64', os.version: '10.0', java.version: '17.0.9'
Driver info: io.appium.java_client.AppiumDriver
Capabilities {appActivity: com.lcssoft.qtsctms.MainAct..., appPackage: com.lcssoft.qtsctms, databaseEnabled: false, desired: {appActivity: com.lcssoft.qtsctms.MainAct..., appPackage: com.lcssoft.qtsctms, deviceName: Pixel XL, platformName: android, platformVersion: 13, udid: 192.168.52.103:5555}, deviceApiLevel: 33, deviceManufacturer: Genymobile, deviceModel: Pixel XL, deviceName: 192.168.52.103:5555, deviceScreenDensity: 411, deviceScreenSize: 1080x2400, deviceUDID: 192.168.52.103:5555, javascriptEnabled: true, locationContextEnabled: false, networkConnectionEnabled: true, pixelRatio: 2.5687501, platform: LINUX, platformName: Android, platformVersion: 13, statBarHeight: 62, takesScreenshot: true, udid: 192.168.52.103:5555, viewportRect: {height: 2215, left: 0, top: 62, width: 1080}, warnings: {}, webStorageEnabled: false}
Session ID: 50cfe0d2-4c88-4abf-91fb-9e2bd29b5e8b
*** Element info: {Using=xpath, value=//android.widget.Button[@content-desc="Receive"]}]]>
            </message>
            <full-stacktrace>
              <![CDATA[org.openqa.selenium.NoSuchElementException: An element could not be located on the page using the given search parameters.
For documentation on this error, please visit: https://www.seleniumhq.org/exceptions/no_such_element.html
Build info: version: '3.141.59', revision: 'e82be7d358', time: '2018-11-14T08:17:03'
System info: host: 'DESKTOP-O33CV7Q', ip: '169.254.94.53', os.name: 'Windows 11', os.arch: 'amd64', os.version: '10.0', java.version: '17.0.9'
Driver info: io.appium.java_client.AppiumDriver
Capabilities {appActivity: com.lcssoft.qtsctms.MainAct..., appPackage: com.lcssoft.qtsctms, databaseEnabled: false, desired: {appActivity: com.lcssoft.qtsctms.MainAct..., appPackage: com.lcssoft.qtsctms, deviceName: Pixel XL, platformName: android, platformVersion: 13, udid: 192.168.52.103:5555}, deviceApiLevel: 33, deviceManufacturer: Genymobile, deviceModel: Pixel XL, deviceName: 192.168.52.103:5555, deviceScreenDensity: 411, deviceScreenSize: 1080x2400, deviceUDID: 192.168.52.103:5555, javascriptEnabled: true, locationContextEnabled: false, networkConnectionEnabled: true, pixelRatio: 2.5687501, platform: LINUX, platformName: Android, platformVersion: 13, statBarHeight: 62, takesScreenshot: true, udid: 192.168.52.103:5555, viewportRect: {height: 2215, left: 0, top: 62, width: 1080}, warnings: {}, webStorageEnabled: false}
Session ID: 50cfe0d2-4c88-4abf-91fb-9e2bd29b5e8b
*** Element info: {Using=xpath, value=//android.widget.Button[@content-desc="Receive"]}
at java.base/jdk.internal.reflect.NativeConstructorAccessorImpl.newInstance0(Native Method)
at java.base/jdk.internal.reflect.NativeConstructorAccessorImpl.newInstance(NativeConstructorAccessorImpl.java:77)
at java.base/jdk.internal.reflect.DelegatingConstructorAccessorImpl.newInstance(DelegatingConstructorAccessorImpl.java:45)
at java.base/java.lang.reflect.Constructor.newInstanceWithCaller(Constructor.java:499)
at java.base/java.lang.reflect.Constructor.newInstance(Constructor.java:480)
at org.openqa.selenium.remote.http.W3CHttpResponseCodec.createException(W3CHttpResponseCodec.java:187)
at org.openqa.selenium.remote.http.W3CHttpResponseCodec.decode(W3CHttpResponseCodec.java:122)
at org.openqa.selenium.remote.http.W3CHttpResponseCodec.decode(W3CHttpResponseCodec.java:49)
at org.openqa.selenium.remote.HttpCommandExecutor.execute(HttpCommandExecutor.java:158)
at io.appium.java_client.remote.AppiumCommandExecutor.execute(AppiumCommandExecutor.java:247)
at org.openqa.selenium.remote.RemoteWebDriver.execute(RemoteWebDriver.java:552)
at io.appium.java_client.DefaultGenericMobileDriver.execute(DefaultGenericMobileDriver.java:41)
at io.appium.java_client.AppiumDriver.execute(AppiumDriver.java:1)
at org.openqa.selenium.remote.RemoteWebDriver.findElement(RemoteWebDriver.java:323)
at io.appium.java_client.DefaultGenericMobileDriver.findElement(DefaultGenericMobileDriver.java:61)
at io.appium.java_client.AppiumDriver.findElement(AppiumDriver.java:1)
at org.openqa.selenium.remote.RemoteWebDriver.findElementByXPath(RemoteWebDriver.java:428)
at io.appium.java_client.DefaultGenericMobileDriver.findElementByXPath(DefaultGenericMobileDriver.java:151)
at io.appium.java_client.AppiumDriver.findElementByXPath(AppiumDriver.java:1)
at org.openqa.selenium.By$ByXPath.findElement(By.java:353)
at org.openqa.selenium.remote.RemoteWebDriver.findElement(RemoteWebDriver.java:315)
at io.appium.java_client.DefaultGenericMobileDriver.findElement(DefaultGenericMobileDriver.java:57)
at io.appium.java_client.AppiumDriver.findElement(AppiumDriver.java:1)
at NhanVienDien.ThucHienTicket.ThucHienTicketChupAnh(ThucHienTicket.java:69)
at RunTest.KiemThuAppQTSC.ThucHienTicKet(KiemThuAppQTSC.java:46)
at java.base/jdk.internal.reflect.NativeMethodAccessorImpl.invoke0(Native Method)
at java.base/jdk.internal.reflect.NativeMethodAccessorImpl.invoke(NativeMethodAccessorImpl.java:77)
at java.base/jdk.internal.reflect.DelegatingMethodAccessorImpl.invoke(DelegatingMethodAccessorImpl.java:43)
at java.base/java.lang.reflect.Method.invoke(Method.java:568)
at org.testng.internal.MethodInvocationHelper.invokeMethod(MethodInvocationHelper.java:133)
at org.testng.internal.TestInvoker.invokeMethod(TestInvoker.java:598)
at org.testng.internal.TestInvoker.invokeTestMethod(TestInvoker.java:173)
at org.testng.internal.MethodRunner.runInSequence(MethodRunner.java:46)
at org.testng.internal.TestInvoker$MethodInvocationAgent.invoke(TestInvoker.java:824)
at org.testng.internal.TestInvoker.invokeTestMethods(TestInvoker.java:146)
at org.testng.internal.TestMethodWorker.invokeTestMethods(TestMethodWorker.java:146)
at org.testng.internal.TestMethodWorker.run(TestMethodWorker.java:128)
at java.base/java.util.ArrayList.forEach(ArrayList.java:1511)
at org.testng.TestRunner.privateRun(TestRunner.java:794)
at org.testng.TestRunner.run(TestRunner.java:596)
at org.testng.SuiteRunner.runTest(SuiteRunner.java:377)
at org.testng.SuiteRunner.runSequentially(SuiteRunner.java:371)
at org.testng.SuiteRunner.privateRun(SuiteRunner.java:332)
at org.testng.SuiteRunner.run(SuiteRunner.java:276)
at org.testng.SuiteRunnerWorker.runSuite(SuiteRunnerWorker.java:53)
at org.testng.SuiteRunnerWorker.run(SuiteRunnerWorker.java:96)
at org.testng.TestNG.runSuitesSequentially(TestNG.java:1212)
at org.testng.TestNG.runSuitesLocally(TestNG.java:1134)
at org.testng.TestNG.runSuites(TestNG.java:1063)
at org.testng.TestNG.run(TestNG.java:1031)
at com.intellij.rt.testng.IDEARemoteTestNG.run(IDEARemoteTestNG.java:65)
at com.intellij.rt.testng.RemoteTestNGStarter.main(RemoteTestNGStarter.java:105)
]]>
            </full-stacktrace>
          </exception> <!-- org.openqa.selenium.NoSuchElementException -->
          <reporter-output>
          </reporter-output>
        </test-method> <!-- ThucHienTicKet -->
      </class> <!-- RunTest.KiemThuAppQTSC -->
    </test> <!-- Test Case 2 -->
  </suite> <!-- MyTestSuite -->
</testng-results>
